Using pre-set license
Built from '2020.3/staging' branch; Version is '2020.3.13f1 (71691879b7f5) revision 7432472'; Using compiler version '192528614'; Build Type 'Release'
OS: 'Windows 10 Home; OS build 19042.1237; Version 2009; 64bit' Language: 'en' Physical Memory: 65270 MB
BatchMode: 1, IsHumanControllingUs: 0, StartBugReporterOnCrash: 0, Is64bit: 1, IsPro: 0

 COMMAND LINE ARGUMENTS:
D:\Unity\2020.3.13f1\Editor\Unity.exe
-adb2
-batchMode
-noUpm
-name
AssetImportWorker0
-projectPath
C:/Users/nickt/Desktop/College/C220/Repositories/WrightsmanSetDressingLevelBlock/WrightsmanSetDressingLevelBlock
-logFile
Logs/AssetImportWorker0.log
-srvPort
56440
Successfully changed project path to: C:/Users/nickt/Desktop/College/C220/Repositories/WrightsmanSetDressingLevelBlock/WrightsmanSetDressingLevelBlock
C:/Users/nickt/Desktop/College/C220/Repositories/WrightsmanSetDressingLevelBlock/WrightsmanSetDressingLevelBlock
Using Asset Import Pipeline V2.
Refreshing native plugins compatible for Editor in 33.29 ms, found 2 plugins.
Preloading 0 native plugins for Editor in 0.00 ms.
Initialize engine version: 2020.3.13f1 (71691879b7f5)
[Subsystems] Discovering subsystems at path D:/Unity/2020.3.13f1/Editor/Data/Resources/UnitySubsystems
[Subsystems] Discovering subsystems at path C:/Users/nickt/Desktop/College/C220/Repositories/WrightsmanSetDressingLevelBlock/WrightsmanSetDressingLevelBlock/Assets
GfxDevice: creating device client; threaded=0
Direct3D:
    Version:  Direct3D 11.0 [level 11.1]
    Renderer: NVIDIA GeForce RTX 2070 SUPER (ID=0x1e84)
    Vendor:   
    VRAM:     8011 MB
    Driver:   27.21.14.6137
Initialize mono
Mono path[0] = 'D:/Unity/2020.3.13f1/Editor/Data/Managed'
Mono path[1] = 'D:/Unity/2020.3.13f1/Editor/Data/MonoBleedingEdge/lib/mono/unityjit'
Mono config path = 'D:/Unity/2020.3.13f1/Editor/Data/MonoBleedingEdge/etc'
Using monoOptions --debugger-agent=transport=dt_socket,embedding=1,server=y,suspend=n,address=127.0.0.1:56616
Begin MonoManager ReloadAssembly
Registering precompiled unity dll's ...
Register platform support module: D:/Unity/2020.3.13f1/Editor/Data/PlaybackEngines/WebGLSupport/UnityEditor.WebGL.Extensions.dll
Register platform support module: D:/Unity/2020.3.13f1/Editor/Data/PlaybackEngines/MacStandaloneSupport/UnityEditor.OSXStandalone.Extensions.dll
Register platform support module: D:/Unity/2020.3.13f1/Editor/Data/PlaybackEngines/WindowsStandaloneSupport/UnityEditor.WindowsStandalone.Extensions.dll
Register platform support module: D:/Unity/2020.3.13f1/Editor/Data/PlaybackEngines/LinuxStandaloneSupport/UnityEditor.LinuxStandalone.Extensions.dll
Register platform support module: D:/Unity/2020.3.13f1/Editor/Data/PlaybackEngines/LuminSupport/UnityEditor.Lumin.Extensions.dll
Registered in 0.001387 seconds.
Native extension for Lumin target not found
Native extension for LinuxStandalone target not found
Native extension for WindowsStandalone target not found
Native extension for OSXStandalone target not found
Native extension for WebGL target not found
Refreshing native plugins compatible for Editor in 30.55 ms, found 2 plugins.
Preloading 0 native plugins for Editor in 0.00 ms.
Mono: successfully reloaded assembly
- Completed reload, in  1.324 seconds
Platform modules already initialized, skipping
Registering precompiled user dll's ...
Registered in 0.003646 seconds.
Begin MonoManager ReloadAssembly
Native extension for Lumin target not found
Native extension for LinuxStandalone target not found
Native extension for WindowsStandalone target not found
Native extension for OSXStandalone target not found
Native extension for WebGL target not found
Refreshing native plugins compatible for Editor in 0.37 ms, found 2 plugins.
Preloading 0 native plugins for Editor in 0.00 ms.
Mono: successfully reloaded assembly
- Completed reload, in  0.819 seconds
Platform modules already initialized, skipping
========================================================================
Worker process is ready to serve import requests
Launched and connected shader compiler UnityShaderCompiler.exe after 0.03 seconds
Refreshing native plugins compatible for Editor in 0.38 ms, found 2 plugins.
Preloading 0 native plugins for Editor in 0.00 ms.
Unloading 1926 Unused Serialized files (Serialized files now loaded: 0)
System memory in use before: 92.6 MB.
System memory in use after: 92.6 MB.

Unloading 18 unused Assets to reduce memory usage. Loaded Objects now: 2368.
Total: 1.888500 ms (FindLiveObjects: 0.178400 ms CreateObjectMapping: 0.068900 ms MarkObjects: 1.564900 ms  DeleteObjects: 0.075400 ms)

AssetImportParameters requested are different than current active one (requested -> active):
  custom:framework-win-MediaFoundation: 216162199b28c13a410421893ffa2e32 -> 
  custom:video-decoder-ogg-theora: a1e56fd34408186e4bbccfd4996cb3dc -> 
  custom:container-muxer-webm: aa71ff27fc2769a1b78a27578f13a17b -> 
  custom:container-demuxer-webm: 4f35f7cbe854078d1ac9338744f61a02 -> 
  custom:container-demuxer-ogg: 62fdf1f143b41e24485cea50d1cbac27 -> 
  custom:video-encoder-webm-vp8: eb34c28f22e8b96e1ab97ce403110664 -> 
  custom:video-codec-MediaFoundation-h265: 746d11721c4dcdbdad8f713fa42b33f4 -> 
  custom:video-decoder-webm-vp8: 9c59270c3fd7afecdb556c50c9e8de78 -> 
  custom:audio-decoder-ogg-vorbis: bf7c407c2cedff20999df2af8eb42d56 -> 
  custom:audio-encoder-webm-vorbis: bf7c407c2cedff20999df2af8eb42d56 -> 
========================================================================
Received Import Request.
  path: Assets/Invector-3rdPersonController_LITE/3D Models/Textures/prototype_textures/Materials/ladder_chromo.mat
  artifactKey: Guid(b2b10d5d20df19c4095609048c3bec10) Importer(815301076,1909f56bfc062723c751e8b465ee728b)
Start importing Assets/Invector-3rdPersonController_LITE/3D Models/Textures/prototype_textures/Materials/ladder_chromo.mat using Guid(b2b10d5d20df19c4095609048c3bec10) Importer(815301076,1909f56bfc062723c751e8b465ee728b)  -> (artifact id: '3c917f2b2e231bec908fe049bf36fd84') in 0.076266 seconds 
  Import took 0.079308 seconds .

========================================================================
Received Import Request.
  Time since last request: 0.000159 seconds.
  path: Assets/Invector-3rdPersonController_LITE/3D Models/Textures/basicTextures/Materials/melee_statuePlate.mat
  artifactKey: Guid(3736f53dbca7c5e4caa4e9b80d8432cf) Importer(815301076,1909f56bfc062723c751e8b465ee728b)
Start importing Assets/Invector-3rdPersonController_LITE/3D Models/Textures/basicTextures/Materials/melee_statuePlate.mat using Guid(3736f53dbca7c5e4caa4e9b80d8432cf) Importer(815301076,1909f56bfc062723c751e8b465ee728b)  -> (artifact id: 'b776bdd76b03c39c6ba076e513244de7') in 0.009984 seconds 
  Import took 0.012279 seconds .

========================================================================
Received Import Request.
  Time since last request: 0.000113 seconds.
  path: Assets/Invector-3rdPersonController_LITE/3D Models/Others/HealthItem/Materials/Material.mat
  artifactKey: Guid(8975961753f14df47996f4a383999365) Importer(815301076,1909f56bfc062723c751e8b465ee728b)
Start importing Assets/Invector-3rdPersonController_LITE/3D Models/Others/HealthItem/Materials/Material.mat using Guid(8975961753f14df47996f4a383999365) Importer(815301076,1909f56bfc062723c751e8b465ee728b)  -> (artifact id: '9ce75a5e1b2997a72396073adac108c6') in 0.009534 seconds 
  Import took 0.011856 seconds .

========================================================================
Received Prepare
Refreshing native plugins compatible for Editor in 2.72 ms, found 2 plugins.
Preloading 0 native plugins for Editor in 0.00 ms.
Unloading 11 Unused Serialized files (Serialized files now loaded: 0)
System memory in use before: 53.3 MB.
System memory in use after: 53.4 MB.

Unloading 11 unused Assets to reduce memory usage. Loaded Objects now: 2408.
Total: 2.903900 ms (FindLiveObjects: 0.170400 ms CreateObjectMapping: 0.068600 ms MarkObjects: 2.652800 ms  DeleteObjects: 0.011300 ms)

AssetImportParameters requested are different than current active one (requested -> active):
  custom:framework-win-MediaFoundation: 216162199b28c13a410421893ffa2e32 -> 
  custom:video-decoder-ogg-theora: a1e56fd34408186e4bbccfd4996cb3dc -> 
  custom:container-muxer-webm: aa71ff27fc2769a1b78a27578f13a17b -> 
  custom:container-demuxer-webm: 4f35f7cbe854078d1ac9338744f61a02 -> 
  custom:container-demuxer-ogg: 62fdf1f143b41e24485cea50d1cbac27 -> 
  custom:video-encoder-webm-vp8: eb34c28f22e8b96e1ab97ce403110664 -> 
  custom:video-codec-MediaFoundation-h265: 746d11721c4dcdbdad8f713fa42b33f4 -> 
  custom:video-decoder-webm-vp8: 9c59270c3fd7afecdb556c50c9e8de78 -> 
  custom:audio-decoder-ogg-vorbis: bf7c407c2cedff20999df2af8eb42d56 -> 
  custom:audio-encoder-webm-vorbis: bf7c407c2cedff20999df2af8eb42d56 -> 
========================================================================
Received Import Request.
  Time since last request: 929.340054 seconds.
  path: Packages/com.unity.ext.nunit/package.json
  artifactKey: Guid(8143d3a8390f2c64685e3bc272bd9e90) Importer(815301076,1909f56bfc062723c751e8b465ee728b)
Start importing Packages/com.unity.ext.nunit/package.json using Guid(8143d3a8390f2c64685e3bc272bd9e90) Importer(815301076,1909f56bfc062723c751e8b465ee728b)  -> (artifact id: '36f449bd9ed4a92e06d659da724da745') in 0.009568 seconds 
  Import took 0.012817 seconds .

========================================================================
Received Import Request.
  Time since last request: 0.677302 seconds.
  path: Packages/com.unity.ide.rider/package.json
  artifactKey: Guid(66c95bb3c74257f41bae2622511dc02d) Importer(815301076,1909f56bfc062723c751e8b465ee728b)
Start importing Packages/com.unity.ide.rider/package.json using Guid(66c95bb3c74257f41bae2622511dc02d) Importer(815301076,1909f56bfc062723c751e8b465ee728b)  -> (artifact id: 'ff96f7b61e94a0dc9b975679be81ead9') in 0.002483 seconds 
  Import took 0.004812 seconds .

========================================================================
Received Import Request.
  Time since last request: 0.522609 seconds.
  path: Packages/com.unity.nuget.newtonsoft-json/package.json
  artifactKey: Guid(f8d4e5c2f2df25449ae8c391afbe5114) Importer(815301076,1909f56bfc062723c751e8b465ee728b)
Start importing Packages/com.unity.nuget.newtonsoft-json/package.json using Guid(f8d4e5c2f2df25449ae8c391afbe5114) Importer(815301076,1909f56bfc062723c751e8b465ee728b)  -> (artifact id: '3887d1616531507fa9c4f23ac1ba7ce0') in 0.002474 seconds 
  Import took 0.004982 seconds .

========================================================================
Received Import Request.
  Time since last request: 36.791715 seconds.
  path: Assets/Bricks & Gravel Texture Pack/Materials
  artifactKey: Guid(41daa68868a65ea46b81e1ddf8f5c919) Importer(815301076,1909f56bfc062723c751e8b465ee728b)
Start importing Assets/Bricks & Gravel Texture Pack/Materials using Guid(41daa68868a65ea46b81e1ddf8f5c919) Importer(815301076,1909f56bfc062723c751e8b465ee728b)  -> (artifact id: '3ac00308a447d7c4780814d188346663') in 0.002002 seconds 
  Import took 0.004467 seconds .

========================================================================
Received Import Request.
  Time since last request: 2.841680 seconds.
  path: Assets/Bricks & Gravel Texture Pack/Materials/Brick
  artifactKey: Guid(74c90249b9eeedd41aed33c05f7da401) Importer(815301076,1909f56bfc062723c751e8b465ee728b)
Start importing Assets/Bricks & Gravel Texture Pack/Materials/Brick using Guid(74c90249b9eeedd41aed33c05f7da401) Importer(815301076,1909f56bfc062723c751e8b465ee728b)  -> (artifact id: '3384032bb948dce752ccb1eb68960983') in 0.002468 seconds 
  Import took 0.005088 seconds .

========================================================================
Received Import Request.
  Time since last request: 0.436783 seconds.
  path: Assets/Bricks & Gravel Texture Pack/Materials/Gravel
  artifactKey: Guid(792ed83f48a79304d9760d66a7f486a6) Importer(815301076,1909f56bfc062723c751e8b465ee728b)
Start importing Assets/Bricks & Gravel Texture Pack/Materials/Gravel using Guid(792ed83f48a79304d9760d66a7f486a6) Importer(815301076,1909f56bfc062723c751e8b465ee728b)  -> (artifact id: 'c0e6d7381460c66c4db971239f4c72be') in 0.001837 seconds 
  Import took 0.004338 seconds .

========================================================================
Received Import Request.
  Time since last request: 0.699544 seconds.
  path: Assets/Bricks & Gravel Texture Pack/Materials/Brick/Brick_1_mat.mat
  artifactKey: Guid(385725680045f70439ab24395a57fcab) Importer(815301076,1909f56bfc062723c751e8b465ee728b)
Start importing Assets/Bricks & Gravel Texture Pack/Materials/Brick/Brick_1_mat.mat using Guid(385725680045f70439ab24395a57fcab) Importer(815301076,1909f56bfc062723c751e8b465ee728b)  -> (artifact id: '99e3342e4becb017595ee956c28c44a7') in 0.269741 seconds 
  Import took 0.273740 seconds .

========================================================================
Received Import Request.
  Time since last request: 0.000146 seconds.
  path: Assets/Bricks & Gravel Texture Pack/Materials/Brick/Brick_2_mat.mat
  artifactKey: Guid(7c441cd7f0c48bb4883147e69d52f9ab) Importer(815301076,1909f56bfc062723c751e8b465ee728b)
Start importing Assets/Bricks & Gravel Texture Pack/Materials/Brick/Brick_2_mat.mat using Guid(7c441cd7f0c48bb4883147e69d52f9ab) Importer(815301076,1909f56bfc062723c751e8b465ee728b)  -> (artifact id: 'bf34b358ef1438744e4902132c604edc') in 0.042653 seconds 
  Import took 0.046505 seconds .

========================================================================
Received Prepare
Registering precompiled user dll's ...
Registered in 0.003468 seconds.
Begin MonoManager ReloadAssembly
Native extension for Lumin target not found
Native extension for LinuxStandalone target not found
Native extension for WindowsStandalone target not found
Native extension for OSXStandalone target not found
Native extension for WebGL target not found
Refreshing native plugins compatible for Editor in 0.43 ms, found 2 plugins.
Preloading 0 native plugins for Editor in 0.00 ms.
Mono: successfully reloaded assembly
- Completed reload, in  0.789 seconds
Platform modules already initialized, skipping
Refreshing native plugins compatible for Editor in 0.39 ms, found 2 plugins.
Preloading 0 native plugins for Editor in 0.00 ms.
Unloading 1869 Unused Serialized files (Serialized files now loaded: 0)
System memory in use before: 91.1 MB.
System memory in use after: 91.2 MB.

Unloading 13 unused Assets to reduce memory usage. Loaded Objects now: 2412.
Total: 1.671100 ms (FindLiveObjects: 0.166900 ms CreateObjectMapping: 0.070200 ms MarkObjects: 1.420600 ms  DeleteObjects: 0.012700 ms)

AssetImportParameters requested are different than current active one (requested -> active):
  custom:framework-win-MediaFoundation: 216162199b28c13a410421893ffa2e32 -> 
  custom:video-decoder-ogg-theora: a1e56fd34408186e4bbccfd4996cb3dc -> 
  custom:container-muxer-webm: aa71ff27fc2769a1b78a27578f13a17b -> 
  custom:container-demuxer-webm: 4f35f7cbe854078d1ac9338744f61a02 -> 
  custom:container-demuxer-ogg: 62fdf1f143b41e24485cea50d1cbac27 -> 
  custom:video-encoder-webm-vp8: eb34c28f22e8b96e1ab97ce403110664 -> 
  custom:video-codec-MediaFoundation-h265: 746d11721c4dcdbdad8f713fa42b33f4 -> 
  custom:video-decoder-webm-vp8: 9c59270c3fd7afecdb556c50c9e8de78 -> 
  custom:audio-decoder-ogg-vorbis: bf7c407c2cedff20999df2af8eb42d56 -> 
  custom:audio-encoder-webm-vorbis: bf7c407c2cedff20999df2af8eb42d56 -> 
========================================================================
Received Import Request.
  Time since last request: 118.472568 seconds.
  path: Assets/Bricks & Gravel Texture Pack/Materials/Brick/Brick_2_mat.mat
  artifactKey: Guid(7c441cd7f0c48bb4883147e69d52f9ab) Importer(815301076,1909f56bfc062723c751e8b465ee728b)
Start importing Assets/Bricks & Gravel Texture Pack/Materials/Brick/Brick_2_mat.mat using Guid(7c441cd7f0c48bb4883147e69d52f9ab) Importer(815301076,1909f56bfc062723c751e8b465ee728b)  -> (artifact id: '399879d6d24991fe4c397c2c2ab59701') in 0.064262 seconds 
  Import took 0.068432 seconds .

